app/build/outputs/mapping/release/seeds.txt
com.srisindhusaride.golondon.BuildConfig
com.srisindhusaride.golondon.BuildConfig: boolean DEBUG
com.srisindhusaride.golondon.BuildConfig: java.lang.String APPLICATION_ID
com.srisindhusaride.golondon.BuildConfig: java.lang.String BUILD_TYPE
com.srisindhusaride.golondon.BuildConfig: java.lang.String FLAVOR
com.srisindhusaride.golondon.BuildConfig: int VERSION_CODE
com.srisindhusaride.golondon.BuildConfig: java.lang.String VERSION_NAME
com.srisindhusaride.golondon.BuildConfig: BuildConfig()
com.srisindhusaride.golondon.DI.Component.DaggerCheckInternetComponent
com.srisindhusaride.golondon.DI.Component.DaggerCheckInternetComponent: com.srisindhusaride.golondon.DI.Component.DaggerCheckInternetComponent$Builder builder()
com.srisindhusaride.golondon.DI.Component.DaggerCheckInternetComponent: com.srisindhusaride.golondon.DI.Component.CheckInternetComponent create()
com.srisindhusaride.golondon.DI.Component.DaggerCheckInternetComponent: void inject(com.srisindhusaride.golondon.Favorites_Activity)
com.srisindhusaride.golondon.DI.Component.DaggerCheckInternetComponent: void inject(com.srisindhusaride.golondon.Nearby_Station_Detail)
com.srisindhusaride.golondon.DI.Component.DaggerCheckInternetComponent: void inject(com.srisindhusaride.golondon.Nearby_Stops_Detail)
com.srisindhusaride.golondon.DI.Component.DaggerCheckInternetComponent$Builder
com.srisindhusaride.golondon.DI.Component.DaggerCheckInternetComponent$Builder: com.srisindhusaride.golondon.DI.Component.CheckInternetComponent build()
com.srisindhusaride.golondon.DI.Component.DaggerCheckInternetComponent$Builder: com.srisindhusaride.golondon.DI.Component.DaggerCheckInternetComponent$Builder checkInternetModule(com.srisindhusaride.golondon.DI.Module.CheckInternetModule)
com.srisindhusaride.golondon.DI.Component.DaggerNearbyStationsAndStopsComponent
com.srisindhusaride.golondon.DI.Component.DaggerNearbyStationsAndStopsComponent: com.srisindhusaride.golondon.DI.Component.DaggerNearbyStationsAndStopsComponent$Builder builder()
com.srisindhusaride.golondon.DI.Component.DaggerNearbyStationsAndStopsComponent: void inject(com.srisindhusaride.golondon.Nearby_ViewPager_Stations$GetStationPlatformDetails)
com.srisindhusaride.golondon.DI.Component.DaggerNearbyStationsAndStopsComponent$Builder
com.srisindhusaride.golondon.DI.Component.DaggerNearbyStationsAndStopsComponent$Builder: com.srisindhusaride.golondon.DI.Component.NearbyStationsAndStopsComponent build()
com.srisindhusaride.golondon.DI.Component.DaggerNearbyStationsAndStopsComponent$Builder: com.srisindhusaride.golondon.DI.Component.DaggerNearbyStationsAndStopsComponent$Builder nearbyStationsAndStopsModule(com.srisindhusaride.golondon.DI.Module.NearbyStationsAndStopsModule)
com.srisindhusaride.golondon.DI.Component.DaggerObjectFactoryActivityScopeComponent
com.srisindhusaride.golondon.DI.Component.DaggerObjectFactoryActivityScopeComponent: com.srisindhusaride.golondon.DI.Component.DaggerObjectFactoryActivityScopeComponent$Builder builder()
com.srisindhusaride.golondon.DI.Component.DaggerObjectFactoryActivityScopeComponent: com.srisindhusaride.golondon.DI.Component.ObjectFactoryActivityScopeComponent create()
com.srisindhusaride.golondon.DI.Component.DaggerObjectFactoryActivityScopeComponent: void inject(com.srisindhusaride.golondon.MainActivity)
com.srisindhusaride.golondon.DI.Component.DaggerObjectFactoryActivityScopeComponent$Builder
com.srisindhusaride.golondon.DI.Component.DaggerObjectFactoryActivityScopeComponent$Builder: com.srisindhusaride.golondon.DI.Component.ObjectFactoryActivityScopeComponent build()
com.srisindhusaride.golondon.DI.Component.DaggerObjectFactoryActivityScopeComponent$Builder: com.srisindhusaride.golondon.DI.Component.DaggerObjectFactoryActivityScopeComponent$Builder objectFactoryActivityScopeModule(com.srisindhusaride.golondon.DI.Module.ObjectFactoryActivityScopeModule)
...
android.support.annotation.NonNull
android.support.annotation.Nullable
android.support.annotation.PluralsRes
android.support.annotation.Px
android.support.annotation.RawRes
android.support.annotation.RequiresApi
android.support.annotation.RequiresApi: int value()
android.support.annotation.RequiresApi: int api()
android.support.annotation.RequiresPermission
android.support.annotation.RequiresPermission: java.lang.String value()
android.support.annotation.RequiresPermission: java.lang.String[] allOf()
android.support.annotation.RequiresPermission: java.lang.String[] anyOf()
android.support.annotation.RequiresPermission: boolean conditional()
android.support.annotation.RequiresPermission$Read
android.support.annotation.RequiresPermission$Read: android.support.annotation.RequiresPermission value()
android.support.annotation.RequiresPermission$Write
android.support.annotation.RequiresPermission$Write: android.support.annotation.RequiresPermission value()
android.support.annotation.RestrictTo
android.support.annotation.RestrictTo: android.support.annotation.RestrictTo$Scope[] value()
android.support.annotation.RestrictTo$Scope
android.support.annotation.RestrictTo$Scope: android.support.annotation.RestrictTo$Scope LIBRARY
android.support.annotation.RestrictTo$Scope: android.support.annotation.RestrictTo$Scope LIBRARY_GROUP
android.support.annotation.RestrictTo$Scope: android.support.annotation.RestrictTo$Scope GROUP_ID
android.support.annotation.RestrictTo$Scope: android.support.annotation.RestrictTo$Scope TESTS
android.support.annotation.RestrictTo$Scope: android.support.annotation.RestrictTo$Scope SUBCLASSES
android.support.annotation.RestrictTo$Scope: android.support.annotation.RestrictTo$Scope[] values()
android.support.annotation.RestrictTo$Scope: android.support.annotation.RestrictTo$Scope valueOf(java.lang.String)
android.support.annotation.Size
android.support.annotation.Size: long value()
android.support.annotation.Size: long min()
android.support.annotation.Size: long max()
android.support.annotation.Size: long multiple()
android.support.annotation.StringDef
android.support.annotation.StringDef: java.lang.String[] value()
android.support.annotation.StringRes
android.support.annotation.StyleRes
android.support.annotation.StyleableRes
android.support.annotation.TransitionRes
android.support.annotation.UiThread
android.support.annotation.VisibleForTesting
android.support.annotation.VisibleForTesting: int PRIVATE
android.support.annotation.VisibleForTesting: int PACKAGE_PRIVATE
android.support.annotation.VisibleForTesting: int PROTECTED
android.support.annotation.VisibleForTesting: int NONE
android.support.annotation.VisibleForTesting: int otherwise()
android.support.annotation.WorkerThread
android.support.annotation.XmlRes
android.support.compat.BuildConfig
android.support.compat.BuildConfig: boolean DEBUG
android.support.compat.BuildConfig: java.lang.String APPLICATION_ID
android.support.compat.BuildConfig: java.lang.String BUILD_TYPE
android.support.compat.BuildConfig: java.lang.String FLAVOR
android.support.compat.BuildConfig: int VERSION_CODE
android.support.compat.BuildConfig: java.lang.String VERSION_NAME
android.support.compat.BuildConfig: BuildConfig()
android.support.compat.R
android.support.compat.R: R()
android.support.constraint.BuildConfig
android.support.constraint.BuildConfig: boolean DEBUG
android.support.constraint.BuildConfig: java.lang.String APPLICATION_ID
android.support.constraint.BuildConfig: java.lang.String BUILD_TYPE
android.support.constraint.BuildConfig: java.lang.String FLAVOR
android.support.constraint.BuildConfig: int VERSION_CODE
android.support.constraint.BuildConfig: java.lang.String VERSION_NAME
android.support.constraint.BuildConfig: BuildConfig()