app/build/outputs/mapping/release/usage.txt
com.srisindhusaride.golondon.AppRater:
    private static final java.lang.String APP_PNAME
    private static final int DAYS_UNTIL_PROMPT
    private static final int LAUNCHES_UNTIL_PROMPT
    16:16:AppRater()
com.srisindhusaride.golondon.DI.Component.CheckInternetComponent:
    public abstract void inject(com.srisindhusaride.golondon.Favorites_Activity)
    public abstract void inject(com.srisindhusaride.golondon.Nearby_Station_Detail)
    public abstract void inject(com.srisindhusaride.golondon.Nearby_Stops_Detail)
com.srisindhusaride.golondon.DI.Module.AppModule:
    21:23:public AppModule(android.app.Application)
com.srisindhusaride.golondon.GetAddressIntentService:
    private static final java.lang.String TAG
com.srisindhusaride.golondon.MainActivity:
    private static final int MY_PERMISSION_ACCESS_FINE_LOCATION
com.srisindhusaride.golondon.Nearby_Stations_Adapter:
    private static final java.lang.String TAG
com.srisindhusaride.golondon.Nearby_ViewPager_Stations:
    private static final java.lang.String TAG
    private static final int REFRESH_TIME
com.srisindhusaride.golondon.Nearby_Viewpager_Stops:
    private static final int REFRESH_TIME
com.srisindhusaride.golondon.Utils.Constants:
    private static final java.lang.String PACKAGE_NAME
...
android.support.v4.media.session.MediaControllerCompat:
    static final java.lang.String TAG
    static final java.lang.String COMMAND_GET_EXTRA_BINDER
    static final java.lang.String COMMAND_ADD_QUEUE_ITEM
    static final java.lang.String COMMAND_ADD_QUEUE_ITEM_AT
    static final java.lang.String COMMAND_REMOVE_QUEUE_ITEM
    static final java.lang.String COMMAND_REMOVE_QUEUE_ITEM_AT
    static final java.lang.String COMMAND_ARGUMENT_MEDIA_DESCRIPTION
    static final java.lang.String COMMAND_ARGUMENT_INDEX
    511:514:boolean isExtraBinderReady()
android.support.v4.media.session.MediaControllerCompat$Callback$MessageHandler:
    private static final int MSG_EVENT
    private static final int MSG_UPDATE_PLAYBACK_STATE
    private static final int MSG_UPDATE_METADATA
    private static final int MSG_UPDATE_VOLUME
    private static final int MSG_UPDATE_QUEUE
    private static final int MSG_UPDATE_QUEUE_TITLE
    private static final int MSG_UPDATE_EXTRAS
    private static final int MSG_DESTROYED
    private static final int MSG_UPDATE_REPEAT_MODE
    private static final int MSG_UPDATE_SHUFFLE_MODE
android.support.v4.media.session.MediaControllerCompat$MediaControllerImplApi21:
    1618:1618:static synthetic android.support.v4.media.session.IMediaSession access$000(android.support.v4.media.session.MediaControllerCompat$MediaControllerImplApi21)
android.support.v4.media.session.MediaControllerCompatApi21:
    41:275:MediaControllerCompatApi21()
android.support.v4.media.session.MediaControllerCompatApi21$PlaybackInfo:
    private static final int FLAG_SCO
    private static final int STREAM_BLUETOOTH_SCO
    private static final int STREAM_SYSTEM_ENFORCED
android.support.v4.media.session.MediaControllerCompatApi23:
    27:29:MediaControllerCompatApi23()
android.support.v4.media.session.MediaControllerCompatApi24:
    27:29:MediaControllerCompatApi24()
android.support.v4.media.session.MediaSessionCompat:
    static final java.lang.String TAG
    static final java.lang.String ACTION_PLAY_FROM_URI
    static final java.lang.String ACTION_PREPARE
    static final java.lang.String ACTION_PREPARE_FROM_MEDIA_ID
    static final java.lang.String ACTION_PREPARE_FROM_SEARCH
    static final java.lang.String ACTION_PREPARE_FROM_URI
    static final java.lang.String ACTION_SET_REPEAT_MODE
    static final java.lang.String ACTION_SET_SHUFFLE_MODE_ENABLED
    static final java.lang.String ACTION_ARGUMENT_MEDIA_ID
    static final java.lang.String ACTION_ARGUMENT_QUERY
    static final java.lang.String ACTION_ARGUMENT_URI
    static final java.lang.String ACTION_ARGUMENT_EXTRAS
    static final java.lang.String ACTION_ARGUMENT_REPEAT_MODE
    static final java.lang.String ACTION_ARGUMENT_SHUFFLE_MODE_ENABLED
    static final java.lang.String EXTRA_BINDER
    private static final int MAX_BITMAP_SIZE_IN_DP